2023-06-19 17:29:29,460 - INFO - logger - Error while showing inventory invalid literal for int() with base 10: 'NF' [views.py:1079 - show_update_inventory_show]
2023-06-19 17:36:02,997 - INFO - logger - Updating Inventory for corresponding platforms: {'A': '1', 'F': '-15', 'M': '0', 'SD': '0', 'AJ': '0', 'JM': '0', 'NK': '', 'TQ': ''} [views.py:1105 - UpdateInventory]
2023-06-19 17:36:03,010 - INFO - logger - Inventory Updated Successfully for corresponding platforms [views.py:1142 - UpdateInventory]
2023-06-20 01:39:43,008 - INFO - logger - Error while showing inventory [Errno 13] Permission denied: 'f_pivot_the_df_to_show_on_html.csv' [views.py:1105 - show_update_inventory_show]
2023-06-20 17:23:30,216 - INFO - logger - Daily Order Report FilePath Dictionary: {'amazon_dor': [''], 'flipkart_dor': [''], 'myntra_dor': [''], 'snapdeal_dor': [''], 'ajio_dor': ['D:\\LW\\LWEcommerceManagement\\order_reports\\June\\19-20\\ajio.csv'], 'tataq_dor': [''], 'NK_NKFSN_dor': ['']} [views.py:969 - DailyOrderReport]
2023-06-20 17:23:30,217 - INFO - logger - Formating platform: amazon_dor with url: [''] [views.py:63 - format_order_reports]
2023-06-20 17:23:30,217 - INFO - logger - Formating platform: flipkart_dor with url: [''] [views.py:63 - format_order_reports]
2023-06-20 17:23:30,217 - INFO - logger - Formating platform: myntra_dor with url: [''] [views.py:63 - format_order_reports]
2023-06-20 17:23:30,218 - INFO - logger - Formating platform: snapdeal_dor with url: [''] [views.py:63 - format_order_reports]
2023-06-20 17:23:30,218 - INFO - logger - Formating platform: ajio_dor with url: ['D:\\LW\\LWEcommerceManagement\\order_reports\\June\\19-20\\ajio.csv'] [views.py:63 - format_order_reports]
2023-06-20 17:23:30,243 - INFO - logger - Ajio OR:         order_id  order_date            sku  quantity    platformID platform
14  FN3872409892  2023-06-19  FLYDB20214001         1  462491775001       AJ
27  FN9732409923  2023-06-19    LWOB2021004         1  462590633002       AJ [views.py:175 - format_order_reports]
2023-06-20 17:23:30,255 - INFO - logger - Formating platform: tataq_dor with url: [''] [views.py:63 - format_order_reports]
2023-06-20 17:23:30,255 - INFO - logger - Formating platform: NK_NKFSN_dor with url: [''] [views.py:63 - format_order_reports]
2023-06-20 17:23:30,255 - INFO - logger - Adding ProductID to each order [views.py:263 - format_order_reports]
2023-06-20 17:23:30,267 - INFO - logger - ProductID Added [views.py:300 - format_order_reports]
2023-06-20 17:23:30,270 - INFO - logger - Final Order Repor Has been Created and Order Per Platform has been saved [views.py:309 - format_order_reports]
2023-06-20 17:23:30,272 - INFO - logger - Order Report:         order_id  order_date            sku  quantity    platformID platform productid
14  FN3872409892  2023-06-19  FLYDB20214001         1  462491775001       AJ   FLYDB_3
13  FN7639303086  2023-06-19   LWSB20213016         1  462278005001       AJ    LWSB_4
8   FN2578300415  2023-06-19   LWOB16171071         1  462314479001       AJ      None
9   FN5552402640  2023-06-19   LWWC16176105         1  462462233001       AJ   LWWC_13
11  FN7872408652  2023-06-19   LWWC16176140         1  462462246001       AJ    LWWC_9
12  FN0212402863  2023-06-19       LWHK2207         1  465631157001       AJ    LWHK_7
28  FN7672403048  2023-06-19   LWWC16176106         1  462469875001       AJ   LWWC_26
15  FN9672405987  2023-06-19    FLYSB202105         1  462507052001       AJ   FLYSB_7
17  FN9772403206  2023-06-19   LWSB20213015         1  462218089001       AJ    LWSB_3
29  FL0370697802  2023-06-19   LWWC16176104         1  462462229001       AJ   LWWC_15 [views.py:324 - insert_dor]
2023-06-20 17:23:30,289 - INFO - logger - Order Report has been recorded [views.py:423 - insert_dor]
2023-06-20 17:23:30,911 - INFO - logger - Inventory has been Updated [views.py:939 - update_inventory]
2023-06-20 17:23:30,955 - INFO - logger - Total Inventory column has been updated [views.py:943 - update_inventory]
2023-06-20 17:27:57,613 - INFO - logger - Daily Order Report FilePath Dictionary: {'amazon_dor': [''], 'flipkart_dor': [''], 'myntra_dor': [''], 'snapdeal_dor': [''], 'ajio_dor': ['D:\\LW\\LWEcommerceManagement\\order_reports\\June\\19-20\\ajio.csv'], 'tataq_dor': [''], 'NK_NKFSN_dor': ['']} [views.py:969 - DailyOrderReport]
2023-06-20 17:27:57,613 - INFO - logger - Formating platform: amazon_dor with url: [''] [views.py:63 - format_order_reports]
2023-06-20 17:27:57,613 - INFO - logger - Formating platform: flipkart_dor with url: [''] [views.py:63 - format_order_reports]
2023-06-20 17:27:57,614 - INFO - logger - Formating platform: myntra_dor with url: [''] [views.py:63 - format_order_reports]
2023-06-20 17:27:57,614 - INFO - logger - Formating platform: snapdeal_dor with url: [''] [views.py:63 - format_order_reports]
2023-06-20 17:27:57,614 - INFO - logger - Formating platform: ajio_dor with url: ['D:\\LW\\LWEcommerceManagement\\order_reports\\June\\19-20\\ajio.csv'] [views.py:63 - format_order_reports]
2023-06-20 17:27:57,630 - INFO - logger - Ajio OR:         order_id  order_date            sku  quantity    platformID platform
14  FN3872409892  2023-06-19  FLYDB20214001         1  462491775001       AJ
27  FN9732409923  2023-06-19    LWOB2021004         1  462590633002       AJ [views.py:175 - format_order_reports]
2023-06-20 17:27:57,639 - INFO - logger - Formating platform: tataq_dor with url: [''] [views.py:63 - format_order_reports]
2023-06-20 17:27:57,639 - INFO - logger - Formating platform: NK_NKFSN_dor with url: [''] [views.py:63 - format_order_reports]
2023-06-20 17:27:57,639 - INFO - logger - Adding ProductID to each order [views.py:263 - format_order_reports]
2023-06-20 17:27:57,647 - INFO - logger - ProductID Added [views.py:300 - format_order_reports]
2023-06-20 17:27:57,652 - INFO - logger - Final Order Repor Has been Created and Order Per Platform has been saved [views.py:309 - format_order_reports]
2023-06-20 17:27:57,654 - INFO - logger - Order Report:         order_id  order_date            sku  quantity    platformID platform productid
14  FN3872409892  2023-06-19  FLYDB20214001         1  462491775001       AJ   FLYDB_3
13  FN7639303086  2023-06-19   LWSB20213016         1  462278005001       AJ    LWSB_4
8   FN2578300415  2023-06-19   LWOB16171071         1  462314479001       AJ      None
9   FN5552402640  2023-06-19   LWWC16176105         1  462462233001       AJ   LWWC_13
11  FN7872408652  2023-06-19   LWWC16176140         1  462462246001       AJ    LWWC_9
12  FN0212402863  2023-06-19       LWHK2207         1  465631157001       AJ    LWHK_7
28  FN7672403048  2023-06-19   LWWC16176106         1  462469875001       AJ   LWWC_26
15  FN9672405987  2023-06-19    FLYSB202105         1  462507052001       AJ   FLYSB_7
17  FN9772403206  2023-06-19   LWSB20213015         1  462218089001       AJ    LWSB_3
29  FL0370697802  2023-06-19   LWWC16176104         1  462462229001       AJ   LWWC_15 [views.py:324 - insert_dor]
2023-06-20 17:27:57,670 - INFO - logger - Order Report has been recorded [views.py:423 - insert_dor]
2023-06-20 17:27:57,716 - INFO - logger - Inventory has been Updated [views.py:939 - update_inventory]
2023-06-20 17:27:57,772 - INFO - logger - Total Inventory column has been updated [views.py:943 - update_inventory]
2023-06-20 18:09:59,868 - INFO - logger - Formating platform: amazon_dor with url: order_reports\amazon.csv [views.py:64 - format_order_reports]
2023-06-20 18:09:59,870 - ERROR - logger - Error: [Errno 2] No such file or directory: 'o' [views.py:259 - format_order_reports]
2023-06-20 18:11:21,824 - INFO - logger - Formating platform: amazon_dor with url: order_reports\amazon.csv [views.py:64 - format_order_reports]
2023-06-20 18:11:21,852 - INFO - logger - Amazon OR:               order_id  order_date           sku  quantity  platformID platform
0  408-0739714-2873153  2023-06-20  LWWC16176094         1  B0779BZV2M        A
1  402-9301760-5778749  2023-06-20  LWWC16176094         1  B0779BZV2M        A [views.py:82 - format_order_reports]
2023-06-20 18:11:21,859 - INFO - logger - Adding ProductID to each order [views.py:264 - format_order_reports]
2023-06-20 18:11:21,896 - INFO - logger - ProductID Added [views.py:301 - format_order_reports]
2023-06-20 18:11:21,897 - INFO - logger - Final Order Repor Has been Created and Order Per Platform has been saved [views.py:310 - format_order_reports]
2023-06-20 18:12:03,287 - INFO - logger - Formating platform: amazon_dor with url: order_reports\amazon.csv [views.py:64 - format_order_reports]
2023-06-20 18:12:03,347 - INFO - logger - Amazon OR:               order_id  order_date           sku  quantity  platformID platform
0  408-0739714-2873153  2023-06-20  LWWC16176094         1  B0779BZV2M        A
1  402-9301760-5778749  2023-06-20  LWWC16176094         1  B0779BZV2M        A [views.py:85 - format_order_reports]
2023-06-20 18:12:03,352 - INFO - logger - Adding ProductID to each order [views.py:267 - format_order_reports]
2023-06-20 18:12:03,391 - INFO - logger - ProductID Added [views.py:304 - format_order_reports]
2023-06-20 18:12:03,392 - INFO - logger - Final Order Repor Has been Created and Order Per Platform has been saved [views.py:313 - format_order_reports]
2023-06-20 18:12:37,517 - INFO - logger - Formating platform: amazon_dor with url: order_reports\amazon.csv [views.py:64 - format_order_reports]
2023-06-20 18:12:37,544 - INFO - logger - Amazon OR:               order_id  order_date           sku  quantity  platformID platform
0  408-0739714-2873153  2023-06-20  LWWC16176094         1  B0779BZV2M        A
1  402-9301760-5778749  2023-06-20  LWWC16176094         1  B0779BZV2M        A [views.py:85 - format_order_reports]
2023-06-20 18:12:37,550 - INFO - logger - Adding ProductID to each order [views.py:267 - format_order_reports]
2023-06-20 18:12:37,588 - INFO - logger - ProductID Added [views.py:304 - format_order_reports]
2023-06-20 18:12:37,589 - INFO - logger - Final Order Repor Has been Created and Order Per Platform has been saved [views.py:313 - format_order_reports]
2023-06-20 18:13:49,095 - INFO - logger - Formating platform: amazon_dor with url: order_reports\amazon.csv [views.py:64 - format_order_reports]
2023-06-20 18:13:49,113 - INFO - logger - Amazon OR:               order_id  order_date           sku  quantity  platformID platform
0  408-0739714-2873153  2023-06-20  LWWC16176094         1  B0779BZV2M        A
1  402-9301760-5778749  2023-06-20  LWWC16176094         1  B0779BZV2M        A [views.py:82 - format_order_reports]
2023-06-20 18:13:49,120 - INFO - logger - Adding ProductID to each order [views.py:264 - format_order_reports]
2023-06-20 18:13:49,157 - INFO - logger - ProductID Added [views.py:301 - format_order_reports]
2023-06-20 18:13:49,161 - INFO - logger - Final Order Repor Has been Created and Order Per Platform has been saved [views.py:310 - format_order_reports]
2023-06-20 18:29:24,718 - INFO - logger - Formating platform: amazon_dor with url: order_reports\amazon.csv [views.py:64 - format_order_reports]
2023-06-20 18:29:24,737 - INFO - logger - Amazon OR:               order_id  order_date           sku  quantity  platformID platform
0  408-0739714-2873153  2023-06-20  LWWC16176094         1  B0779BZV2M        A
1  402-9301760-5778749  2023-06-20  LWWC16176094         1  B0779BZV2M        A [views.py:82 - format_order_reports]
2023-06-20 18:29:24,745 - INFO - logger - Adding ProductID to each order [views.py:264 - format_order_reports]
2023-06-20 18:29:24,780 - INFO - logger - ProductID Added [views.py:301 - format_order_reports]
2023-06-20 18:29:24,785 - INFO - logger - Final Order Repor Has been Created and Order Per Platform has been saved [views.py:310 - format_order_reports]
2023-06-20 18:29:24,786 - INFO - logger - Order Report:                 order_id  order_date                  sku  quantity  platformID platform productid
152  405-4255407-9010722  2023-06-18  PRIME-LWWC16176104B         1  B07PFV29ZM        A   LWWC_15
148  402-4512744-1983507  2023-06-18  PRIME-LWWC16176104B         1  B07PFV29ZM        A   LWWC_15
151  403-5575557-8926740  2023-06-18   PRIME-LWWC20216114         1  B07PGZWX1F        A   LWWC_16
150  405-3957762-5761131  2023-06-18         LWWC16176140         1  B084MK46HJ        A    LWWC_9
149  404-2455694-4103542  2023-06-18         LWWC16176140         1  B084MK46HJ        A    LWWC_9
82   171-6259236-5657153  2023-06-19         LWWC16176094         1  B0779BZV2M        A   LWWC_10
112  403-2600617-2634719  2023-06-19         LWWC16176140         1  B084MK46HJ        A    LWWC_9
111  402-4506924-6285915  2023-06-19        LWSB16173010B         1  B07MW1H1GX        A    LWSB_2
110  171-3113843-7217150  2023-06-19  PRIME-LWWC16176104B         1  B07PFV29ZM        A   LWWC_15
109  403-5128885-2093926  2023-06-19         LWWC20216140         1  B084MK46HJ        A    LWWC_9 [views.py:325 - insert_dor]
2023-06-20 18:29:24,818 - INFO - logger - Order Report has been recorded [views.py:424 - insert_dor]
2023-06-20 18:29:25,494 - INFO - logger - Inventory has been Updated [views.py:940 - update_inventory]
2023-06-20 18:29:25,535 - INFO - logger - Total Inventory column has been updated [views.py:944 - update_inventory]
2023-06-20 18:35:23,021 - INFO - logger - Formating platform: flipkart_dor with url: order_reports\flipkart.csv [views.py:64 - format_order_reports]
2023-06-20 18:35:23,021 - ERROR - logger - Error: [Errno 2] No such file or directory: 'o' [views.py:259 - format_order_reports]
2023-06-20 18:37:03,445 - INFO - logger - Formating platform: flipkart_dor with url: order_reports\flipkart.csv [views.py:64 - format_order_reports]
2023-06-20 18:37:03,479 - INFO - logger - Flipkart OR:                order_id  order_date             sku  quantity        platformID platform
0  OD328401085512169100  2023-06-19    LWSB16173010         1  SLBFCXU4ZA97QTVB        F
1  OD228401688507953000  2023-06-19  LWSB19203024SP         1  YGGGAH5B4RPGZXVY        F [views.py:127 - format_order_reports]
2023-06-20 18:37:03,486 - INFO - logger - Formating platform: myntra_dor with url: order_reports\myntra.csv [views.py:64 - format_order_reports]
2023-06-20 18:37:03,501 - INFO - logger - Myntra OR:      order_id  order_date            sku  quantity  platformID platform
0  7457669177  2023-06-17  LWSB16173015B         1    11557748        M
1  7457675207  2023-06-17       LWWC2102         1    14432302        M [views.py:151 - format_order_reports]
2023-06-20 18:37:03,506 - INFO - logger - Adding ProductID to each order [views.py:264 - format_order_reports]
2023-06-20 18:37:03,572 - INFO - logger - ProductID Added [views.py:301 - format_order_reports]
2023-06-20 18:37:03,576 - INFO - logger - Final Order Repor Has been Created and Order Per Platform has been saved [views.py:310 - format_order_reports]
2023-06-20 18:37:03,580 - INFO - logger - Order Report:       order_id  order_date            sku  quantity platformID platform productid
14  7457913577  2023-06-17   LWSB19203024         1   11207872        M    LWSB_6
28  7458125703  2023-06-17    FLYSB202102         1   14070754        M   FLYSB_5
29  7458244728  2023-06-17       LWGW2203         1   19274548        M      None
30  7458276950  2023-06-17  LWWC16176117B         1    9716261        M   LWWC_21
31  7458313398  2023-06-17   LWWC16176107         1    4700845        M   LWWC_25
32  7458339813  2023-06-17   LWWC16176114         1    5965366        M   LWWC_16
33  7458365983  2023-06-17       LWGW2203         1   19274548        M      None
34  7458371295  2023-06-17       LWGW2204         1   19274510        M      None
35  7458404635  2023-06-17  LWOB16171149B         1   11178890        M    LWOB_7
36  7458409983  2023-06-17   LWWC20216001         1   14136006        M   LWWC_29 [views.py:325 - insert_dor]
2023-06-20 18:37:03,629 - INFO - logger - Order Report has been recorded [views.py:424 - insert_dor]
2023-06-20 18:37:04,892 - INFO - logger - Inventory has been Updated [views.py:940 - update_inventory]
2023-06-20 18:37:04,935 - INFO - logger - Total Inventory column has been updated [views.py:944 - update_inventory]
2023-06-20 18:41:32,889 - INFO - logger - Formating platform: snapdeal_dor with url: order_reports\snapdeal.csv [views.py:64 - format_order_reports]
2023-06-20 18:41:32,905 - INFO - logger - Snapdeal OR:       order_id  order_date           sku  quantity    platformID platform
0  49339607058  2023-06-19  LWSB19203016         1  SDL321052458       SD
1  49340364309  2023-06-19    LWOB202104         1  SDL098372178       SD [views.py:200 - format_order_reports]
2023-06-20 18:41:32,912 - INFO - logger - Formating platform: tataq_dor with url: order_reports\tata.csv [views.py:64 - format_order_reports]
2023-06-20 18:41:32,926 - INFO - logger - TatacliQ OR:              order_id  order_date           sku  quantity  platformID platform
0   230619-026-987896  2023-06-19     LWSB21501         1           0       TQ
20  230619-026-984007  2023-06-19  LWSB19203024         1           0       TQ [views.py:228 - format_order_reports]
2023-06-20 18:41:32,931 - INFO - logger - Formating platform: NK_NKFSN_dor with url: order_reports\nykaa.csv [views.py:64 - format_order_reports]
2023-06-20 18:41:32,940 - INFO - logger - Nykaa and Nykaa Fashion OR:        order_id  order_date           sku  quantity  platformID platform
0  NYKF13745141  2023-06-20     LWSB21501         1           0    NKFSN
1  NYKF13746834  2023-06-20  LWOB19201084         1           0    NKFSN
2  NYKF13753783  2023-06-20  LWOB19201078         1           0    NKFSN
3  NYKF13747929  2023-06-20  LWOB19201123         1           0    NKFSN [views.py:252 - format_order_reports]
2023-06-20 18:41:32,945 - INFO - logger - Adding ProductID to each order [views.py:264 - format_order_reports]
2023-06-20 18:41:32,963 - INFO - logger - ProductID Added [views.py:301 - format_order_reports]
2023-06-20 18:41:32,966 - INFO - logger - Final Order Repor Has been Created and Order Per Platform has been saved [views.py:310 - format_order_reports]
2023-06-20 18:41:32,968 - INFO - logger - Order Report:              order_id  order_date           sku  quantity    platformID platform productid
0         49339607058  2023-06-19  LWSB19203016         1  SDL321052458       SD    LWSB_4
16  230619-026-988107  2023-06-19    LWOB202103         1             0       TQ   LWOB_15
20  230619-026-984007  2023-06-19  LWSB19203024         1             0       TQ    LWSB_6
21  230619-026-984762  2023-06-19  LWSB19203022         1             0       TQ   LWSB_14
23  230619-026-996816  2023-06-19     LWSB21501         1             0       TQ   LWSB_11
24  230619-026-987007  2023-06-19  LWSB16173008         1             0       TQ    LWSB_1
26  230619-026-988061  2023-06-19     LWSB21502         1             0       TQ   LWSB_12
27  230619-026-993774  2023-06-19      LWGW2203         1             0       TQ      None
28  230619-026-996011  2023-06-19    LWOB202103         1             0       TQ   LWOB_15
0   230619-026-987896  2023-06-19     LWSB21501         1             0       TQ   LWSB_11 [views.py:325 - insert_dor]
2023-06-20 18:41:32,988 - INFO - logger - Order Report has been recorded [views.py:424 - insert_dor]
2023-06-20 18:41:33,209 - INFO - logger - Inventory has been Updated [views.py:940 - update_inventory]
2023-06-20 18:41:33,250 - INFO - logger - Total Inventory column has been updated [views.py:944 - update_inventory]
2023-06-20 19:11:51,105 - INFO - logger - Formating platform: amazon_lg_dor with url: order_reports\amazon_lg.csv [views.py:64 - format_order_reports]
2023-06-20 19:11:51,135 - INFO - logger - Amazon LG OR:               order_id  order_date           sku  quantity  platformID platform
0  403-2480077-1032364  2023-06-19  LGWC20216140         1  B08M3SCS77     A_LG
1  404-7127163-8352321  2023-06-19  LGWC20216140         1  B08M3SCS77     A_LG [views.py:99 - format_order_reports]
2023-06-20 19:11:51,141 - INFO - logger - Adding ProductID to each order [views.py:264 - format_order_reports]
2023-06-20 19:11:51,270 - INFO - logger - ProductID Added [views.py:301 - format_order_reports]
2023-06-20 19:11:51,272 - INFO - logger - Final Order Repor Has been Created and Order Per Platform has been saved [views.py:310 - format_order_reports]
2023-06-20 19:11:51,273 - INFO - logger - Order Report:                 order_id  order_date            sku  quantity  platformID platform productid
580  407-6709938-3172355  2023-05-19   LGWC20216140         1  B08M3SCS77     A_LG    LWWC_9
577  406-2972449-4381126  2023-05-20  FLYBP20213016         1  B08NTG4GFM     A_LG   LWBP_12
579  403-2707731-9385920  2023-05-20   LGWC20216140         1  B08M3SCS77     A_LG    LWWC_9
578  171-0190017-3530713  2023-05-20   LGWC20216140         1  B08M3SCS77     A_LG    LWWC_9
576  402-2392034-7491549  2023-05-21   LGWC20216104         1  B08M8T49D1     A_LG   LWWC_15
574  405-8591023-7212365  2023-05-21   LGWC20216104         1  B08M8T49D1     A_LG   LWWC_15
573  171-0283835-3575568  2023-05-21   LGHK20201103         1  B083ZZL6FF     A_LG    LWHK_3
572  404-7029057-4003536  2023-05-21  FLYWC16176113         1  B0C1NZ44W8     A_LG   LWWC_11
571  403-5959354-5448314  2023-05-21   LGSB19203023         1  B0BYSWK693     A_LG   LWSB_13
569  402-4343757-1352312  2023-05-21   LGWC20216092         1  B08M9L4757     A_LG   LWWC_17 [views.py:325 - insert_dor]
2023-06-20 19:11:51,437 - INFO - logger - Order Report has been recorded [views.py:424 - insert_dor]
2023-06-20 19:11:51,559 - INFO - logger - Inventory has been Updated [views.py:940 - update_inventory]
2023-06-20 19:11:51,599 - INFO - logger - Total Inventory column has been updated [views.py:944 - update_inventory]
2023-06-20 19:15:04,493 - INFO - logger - Formating platform: flipkart_dor with url: order_reports\flipkart.csv [views.py:64 - format_order_reports]
2023-06-20 19:15:04,545 - INFO - logger - Flipkart OR:                order_id  order_date             sku  quantity        platformID platform
0  OD328348525924725100  2023-06-13     LWHK2020105         1  RKSFNQTZZYHSTDF6        F
2  OD428345207057601100  2023-06-13  LWSB16173019SP         1  YGGGAH2E989UYKHS        F [views.py:127 - format_order_reports]
2023-06-20 19:15:04,550 - INFO - logger - Adding ProductID to each order [views.py:264 - format_order_reports]
2023-06-20 19:15:04,649 - INFO - logger - ProductID Added [views.py:301 - format_order_reports]
2023-06-20 19:15:04,650 - INFO - logger - Final Order Repor Has been Created and Order Per Platform has been saved [views.py:310 - format_order_reports]
2023-06-20 19:15:04,651 - INFO - logger - Order Report:                  order_id  order_date             sku  quantity        platformID platform productid
0    OD328348525924725100  2023-06-13     LWHK2020105         1  RKSFNQTZZYHSTDF6        F    LWHK_5
121  OD328353178569127100  2023-06-13    LWDB19204062         1  DFBFMZ89PBVHKMJR        F   LWDB_14
122  OD428346334795865100  2023-06-13      LWDB224098         1  DFBGBFY4VVDQHWXY        F    LWDB_6
123  OD328345165042292100  2023-06-13    LWWC16176135         1  WHBFNUGYJQYSXDCW        F   LWWC_19
124  OD428351261759552100  2023-06-13      LWDB224098         1  DFBGBFY4VVDQHWXY        F    LWDB_6
125  OD428353006534082100  2023-06-13    LWDB19204084         1  DFBFZGJWM6GJ88ZV        F    LWDB_5
126  OD428348411171506100  2023-06-13    LWBP20213014         1  SLBFWJCUEHWBTEWT        F   LWBP_10
129  OD428352772042162100  2023-06-13    LWBP20213016         1  SLBFWXWPKBEZQYHU        F   LWBP_12
130  OD428349056791748100  2023-06-13  LWSB19203026SP         1  YGGGAH5RYHQYHHGX        F   LWSB_10
120  OD328349322431935100  2023-06-13   FLYSB202102SP         1  YGGGAKY6W32U5EUQ        F   FLYSB_5 [views.py:325 - insert_dor]
2023-06-20 19:15:04,713 - INFO - logger - Order Report has been recorded [views.py:424 - insert_dor]
2023-06-20 19:15:04,757 - INFO - logger - Inventory has been Updated [views.py:940 - update_inventory]
2023-06-20 19:15:04,797 - INFO - logger - Total Inventory column has been updated [views.py:944 - update_inventory]
2023-06-21 06:55:58,422 - INFO - logger - Updating Inventory for corresponding platforms: {'A': '7', 'A_LG': '10', 'F': '13', 'M': '16', 'SD': '17', 'AJ': '17', 'JM': '', 'NK': '', 'TQ': ''} [views.py:1139 - UpdateInventory]
2023-06-21 06:55:58,437 - INFO - logger - Inventory Updated Successfully for corresponding platforms [views.py:1176 - UpdateInventory]
2023-06-21 06:57:40,973 - INFO - logger - Updating Inventory for corresponding platforms: {'A': '15', 'A_LG': '10', 'F': '15', 'M': '15', 'SD': '17', 'AJ': '14', 'JM': '19', 'NK': '', 'TQ': ''} [views.py:1139 - UpdateInventory]
2023-06-21 06:57:40,979 - INFO - logger - Inventory Updated Successfully for corresponding platforms [views.py:1176 - UpdateInventory]
2023-06-21 07:00:43,157 - INFO - logger - Updating Inventory for corresponding platforms: {'A': '15', 'A_LG': '10', 'F': '15', 'M': '15', 'SD': '17', 'AJ': '14', 'JM': '19', 'NK': '', 'TQ': ''} [views.py:1139 - UpdateInventory]
2023-06-21 07:00:43,159 - INFO - logger - Inventory Updated Successfully for corresponding platforms [views.py:1176 - UpdateInventory]
2023-06-21 07:03:23,433 - INFO - logger - Updating Inventory for corresponding platforms: {'A': '18', 'A_LG': '18', 'F': '16', 'M': '16', 'SD': '16', 'AJ': '16', 'JM': '', 'NK': '', 'TQ': ''} [views.py:1139 - UpdateInventory]
2023-06-21 07:03:23,441 - INFO - logger - Inventory Updated Successfully for corresponding platforms [views.py:1176 - UpdateInventory]
2023-06-21 07:04:43,698 - INFO - logger - Updating Inventory for corresponding platforms: {'A': '77', 'A_LG': '60', 'F': '52', 'M': '67', 'SD': '69', 'AJ': '68', 'JM': '67', 'NK': '', 'TQ': ''} [views.py:1139 - UpdateInventory]
2023-06-21 07:04:43,705 - INFO - logger - Inventory Updated Successfully for corresponding platforms [views.py:1176 - UpdateInventory]
2023-06-21 07:04:46,112 - INFO - logger - Updating Inventory for corresponding platforms: {'A': '77', 'A_LG': '60', 'F': '52', 'M': '67', 'SD': '69', 'AJ': '68', 'JM': '67', 'NK': '', 'TQ': ''} [views.py:1139 - UpdateInventory]
2023-06-21 07:04:46,115 - INFO - logger - Inventory Updated Successfully for corresponding platforms [views.py:1176 - UpdateInventory]
2023-06-21 07:07:32,897 - INFO - logger - Updating Inventory for corresponding platforms: {'A': '16', 'A_LG': '16', 'F': '18', 'M': '18', 'SD': '16', 'AJ': '18', 'JM': '16', 'NK': '16', 'TQ': '16'} [views.py:1139 - UpdateInventory]
2023-06-21 07:07:32,905 - INFO - logger - Inventory Updated Successfully for corresponding platforms [views.py:1176 - UpdateInventory]
2023-06-21 07:07:34,909 - INFO - logger - Updating Inventory for corresponding platforms: {'A': '16', 'A_LG': '16', 'F': '18', 'M': '18', 'SD': '16', 'AJ': '18', 'JM': '16', 'NK': '16', 'TQ': '16'} [views.py:1139 - UpdateInventory]
2023-06-21 07:07:34,911 - INFO - logger - Inventory Updated Successfully for corresponding platforms [views.py:1176 - UpdateInventory]
2023-06-21 07:23:51,961 - INFO - logger - Updating Inventory for corresponding platforms: {'A': '31', 'A_LG': '0', 'F': '4', 'M': '32', 'SD': '29', 'AJ': '31', 'JM': '', 'NK': '32', 'TQ': '31'} [views.py:1139 - UpdateInventory]
2023-06-21 07:23:51,968 - INFO - logger - Inventory Updated Successfully for corresponding platforms [views.py:1176 - UpdateInventory]
2023-06-21 07:29:23,811 - INFO - logger - Updating Inventory for corresponding platforms: {'A': '31', 'A_LG': '0', 'F': '7', 'M': '32', 'SD': '29', 'AJ': '31', 'JM': '', 'NK': '32', 'TQ': '31'} [views.py:1139 - UpdateInventory]
2023-06-21 07:29:23,818 - INFO - logger - Inventory Updated Successfully for corresponding platforms [views.py:1176 - UpdateInventory]
2023-06-21 07:29:35,483 - INFO - logger - Updating Inventory for corresponding platforms: {'A': '15', 'A_LG': '0', 'F': '15', 'M': '19', 'SD': '14', 'AJ': '', 'JM': '', 'NK': '16', 'TQ': '15'} [views.py:1139 - UpdateInventory]
2023-06-21 07:29:35,490 - INFO - logger - Inventory Updated Successfully for corresponding platforms [views.py:1176 - UpdateInventory]
2023-06-21 07:29:52,882 - INFO - logger - Updating Inventory for corresponding platforms: {'A': '72', 'A_LG': '0', 'F': '57', 'M': '62', 'SD': '71', 'AJ': '71', 'JM': '', 'NK': '71', 'TQ': ''} [views.py:1139 - UpdateInventory]
2023-06-21 07:29:52,888 - INFO - logger - Inventory Updated Successfully for corresponding platforms [views.py:1176 - UpdateInventory]
2023-06-21 07:32:51,565 - INFO - logger - Updating Inventory for corresponding platforms: {'A': '58', 'A_LG': '0', 'F': '56', 'M': '55', 'SD': '55', 'AJ': '59', 'JM': '', 'NK': '58', 'TQ': '56'} [views.py:1139 - UpdateInventory]
2023-06-21 07:32:51,571 - INFO - logger - Inventory Updated Successfully for corresponding platforms [views.py:1176 - UpdateInventory]
2023-06-21 07:33:13,304 - INFO - logger - Updating Inventory for corresponding platforms: {'A': '52', 'A_LG': '0', 'F': '50', 'M': '49', 'SD': '53', 'AJ': '', 'JM': '', 'NK': '50', 'TQ': '44'} [views.py:1139 - UpdateInventory]
2023-06-21 07:33:13,312 - INFO - logger - Inventory Updated Successfully for corresponding platforms [views.py:1176 - UpdateInventory]
2023-06-21 07:33:24,873 - INFO - logger - Updating Inventory for corresponding platforms: {'A': '33', 'A_LG': '0', 'F': '28', 'M': '34', 'SD': '22', 'AJ': '32', 'JM': '32', 'NK': '32', 'TQ': '29'} [views.py:1139 - UpdateInventory]
2023-06-21 07:33:24,884 - INFO - logger - Inventory Updated Successfully for corresponding platforms [views.py:1176 - UpdateInventory]
2023-06-21 07:33:51,057 - INFO - logger - Updating Inventory for corresponding platforms: {'A': '14', 'A_LG': '0', 'F': '3', 'M': '20', 'SD': '19', 'AJ': '20', 'JM': '20', 'NK': '20', 'TQ': '8'} [views.py:1139 - UpdateInventory]
2023-06-21 07:33:51,072 - INFO - logger - Inventory Updated Successfully for corresponding platforms [views.py:1176 - UpdateInventory]
2023-06-21 07:34:22,718 - INFO - logger - Updating Inventory for corresponding platforms: {'A': '17', 'A_LG': '0', 'F': '10', 'M': '20', 'SD': '20', 'AJ': '18', 'JM': '20', 'NK': '20', 'TQ': ''} [views.py:1139 - UpdateInventory]
2023-06-21 07:34:22,724 - INFO - logger - Inventory Updated Successfully for corresponding platforms [views.py:1176 - UpdateInventory]
2023-06-21 07:34:29,746 - INFO - logger - Updating Inventory for corresponding platforms: {'A': '14', 'A_LG': '0', 'F': '14', 'M': '18', 'SD': '17', 'AJ': '17', 'JM': '17', 'NK': '17', 'TQ': ''} [views.py:1139 - UpdateInventory]
2023-06-21 07:34:29,754 - INFO - logger - Inventory Updated Successfully for corresponding platforms [views.py:1176 - UpdateInventory]
2023-06-21 07:34:36,357 - INFO - logger - Updating Inventory for corresponding platforms: {'A': '21', 'A_LG': '0', 'F': '11', 'M': '22', 'SD': '19', 'AJ': '18', 'JM': '20', 'NK': '20', 'TQ': ''} [views.py:1139 - UpdateInventory]
2023-06-21 07:34:36,364 - INFO - logger - Inventory Updated Successfully for corresponding platforms [views.py:1176 - UpdateInventory]
2023-06-21 07:34:38,418 - INFO - logger - Updating Inventory for corresponding platforms: {'A': '17', 'A_LG': '0', 'F': '10', 'M': '20', 'SD': '20', 'AJ': '18', 'JM': '20', 'NK': '20', 'TQ': ''} [views.py:1139 - UpdateInventory]
2023-06-21 07:34:38,420 - INFO - logger - Inventory Updated Successfully for corresponding platforms [views.py:1176 - UpdateInventory]
2023-06-21 07:34:54,806 - INFO - logger - Updating Inventory for corresponding platforms: {'A': '44', 'A_LG': '', 'F': '45', 'M': '38', 'SD': '43', 'AJ': '41', 'JM': '43', 'NK': '', 'TQ': '43'} [views.py:1139 - UpdateInventory]
2023-06-21 07:34:54,813 - INFO - logger - Inventory Updated Successfully for corresponding platforms [views.py:1176 - UpdateInventory]
2023-06-21 07:35:05,633 - INFO - logger - Updating Inventory for corresponding platforms: {'A': '62', 'A_LG': '0', 'F': '54', 'M': '61', 'SD': '48', 'AJ': '57', 'JM': '', 'NK': '58', 'TQ': '59'} [views.py:1139 - UpdateInventory]
2023-06-21 07:35:05,652 - INFO - logger - Inventory Updated Successfully for corresponding platforms [views.py:1176 - UpdateInventory]
2023-06-21 07:35:12,558 - INFO - logger - Updating Inventory for corresponding platforms: {'A': '37', 'A_LG': '0', 'F': '28', 'M': '39', 'SD': '40', 'AJ': '36', 'JM': '39', 'NK': '39', 'TQ': '39'} [views.py:1139 - UpdateInventory]
2023-06-21 07:35:12,565 - INFO - logger - Inventory Updated Successfully for corresponding platforms [views.py:1176 - UpdateInventory]
2023-06-21 07:35:52,491 - INFO - logger - Updating Inventory for corresponding platforms: {'A': '', 'A_LG': '0', 'F': '107', 'M': '0', 'SD': '0', 'AJ': '105', 'JM': '0', 'NK': '', 'TQ': ''} [views.py:1139 - UpdateInventory]
2023-06-21 07:35:52,498 - INFO - logger - Inventory Updated Successfully for corresponding platforms [views.py:1176 - UpdateInventory]
2023-06-21 07:36:21,680 - INFO - logger - Updating Inventory for corresponding platforms: {'A': '3', 'A_LG': '0', 'F': '4', 'M': '12', 'SD': '10', 'AJ': '', 'JM': '0', 'NK': '', 'TQ': ''} [views.py:1139 - UpdateInventory]
2023-06-21 07:36:21,688 - INFO - logger - Inventory Updated Successfully for corresponding platforms [views.py:1176 - UpdateInventory]
2023-06-21 07:36:32,764 - INFO - logger - Updating Inventory for corresponding platforms: {'A': '19', 'A_LG': '9', 'F': '10', 'M': '15', 'SD': '23', 'AJ': '6', 'JM': '26', 'NK': '26', 'TQ': '19'} [views.py:1139 - UpdateInventory]
2023-06-21 07:36:32,771 - INFO - logger - Inventory Updated Successfully for corresponding platforms [views.py:1176 - UpdateInventory]
2023-06-21 07:36:39,204 - INFO - logger - Updating Inventory for corresponding platforms: {'A': '9', 'A_LG': '0', 'F': '10', 'M': '9', 'SD': '0', 'AJ': '0', 'JM': '0', 'NK': '0', 'TQ': '0'} [views.py:1139 - UpdateInventory]
2023-06-21 07:36:39,212 - INFO - logger - Inventory Updated Successfully for corresponding platforms [views.py:1176 - UpdateInventory]
2023-06-21 07:36:56,131 - INFO - logger - Updating Inventory for corresponding platforms: {'A': '10', 'A_LG': '', 'F': '10', 'M': '11', 'SD': '11', 'AJ': '9', 'JM': '9', 'NK': '', 'TQ': '9'} [views.py:1139 - UpdateInventory]
2023-06-21 07:36:56,140 - INFO - logger - Inventory Updated Successfully for corresponding platforms [views.py:1176 - UpdateInventory]
2023-06-21 07:37:06,079 - INFO - logger - Updating Inventory for corresponding platforms: {'A': '1', 'A_LG': '0', 'F': '0', 'M': '8', 'SD': '5', 'AJ': '0', 'JM': '0', 'NK': '', 'TQ': '1'} [views.py:1139 - UpdateInventory]
2023-06-21 07:37:06,086 - INFO - logger - Inventory Updated Successfully for corresponding platforms [views.py:1176 - UpdateInventory]
2023-06-21 07:37:38,925 - INFO - logger - Updating Inventory for corresponding platforms: {'A': '21', 'A_LG': '0', 'F': '4', 'M': '14', 'SD': '1', 'AJ': '', 'JM': '21', 'NK': '21', 'TQ': '9'} [views.py:1139 - UpdateInventory]
2023-06-21 07:37:38,933 - INFO - logger - Inventory Updated Successfully for corresponding platforms [views.py:1176 - UpdateInventory]
2023-06-21 07:38:05,311 - INFO - logger - Updating Inventory for corresponding platforms: {'A': '5', 'A_LG': '0', 'F': '3', 'M': '1', 'SD': '5', 'AJ': '5', 'JM': '', 'NK': '5', 'TQ': ''} [views.py:1139 - UpdateInventory]
2023-06-21 07:38:05,320 - INFO - logger - Inventory Updated Successfully for corresponding platforms [views.py:1176 - UpdateInventory]
2023-06-21 07:38:28,524 - INFO - logger - Updating Inventory for corresponding platforms: {'A': '13', 'A_LG': '0', 'F': '14', 'M': '15', 'SD': '14', 'AJ': '12', 'JM': '', 'NK': '12', 'TQ': '12'} [views.py:1139 - UpdateInventory]
2023-06-21 07:38:28,531 - INFO - logger - Inventory Updated Successfully for corresponding platforms [views.py:1176 - UpdateInventory]
2023-06-21 07:38:48,576 - INFO - logger - Updating Inventory for corresponding platforms: {'A': '38', 'A_LG': '0', 'F': '40', 'M': '39', 'SD': '37', 'AJ': '39', 'JM': '', 'NK': '13', 'TQ': '32'} [views.py:1139 - UpdateInventory]
2023-06-21 07:38:48,587 - INFO - logger - Inventory Updated Successfully for corresponding platforms [views.py:1176 - UpdateInventory]
2023-06-21 07:39:02,372 - INFO - logger - Updating Inventory for corresponding platforms: {'A': '26', 'A_LG': '0', 'F': '31', 'M': '29', 'SD': '19', 'AJ': '', 'JM': '28', 'NK': '28', 'TQ': '28'} [views.py:1139 - UpdateInventory]
2023-06-21 07:39:02,382 - INFO - logger - Inventory Updated Successfully for corresponding platforms [views.py:1176 - UpdateInventory]
2023-06-21 07:39:10,351 - INFO - logger - Updating Inventory for corresponding platforms: {'A': '42', 'A_LG': '0', 'F': '38', 'M': '39', 'SD': '39', 'AJ': '35', 'JM': '40', 'NK': '40', 'TQ': '38'} [views.py:1139 - UpdateInventory]
2023-06-21 07:39:10,359 - INFO - logger - Inventory Updated Successfully for corresponding platforms [views.py:1176 - UpdateInventory]
2023-06-21 07:39:29,571 - INFO - logger - Updating Inventory for corresponding platforms: {'A': '7', 'A_LG': '0', 'F': '7', 'M': '7', 'SD': '7', 'AJ': '5', 'JM': '', 'NK': '', 'TQ': '7'} [views.py:1139 - UpdateInventory]
2023-06-21 07:39:29,578 - INFO - logger - Inventory Updated Successfully for corresponding platforms [views.py:1176 - UpdateInventory]
2023-06-21 07:39:41,865 - INFO - logger - Updating Inventory for corresponding platforms: {'A': '16', 'A_LG': '0', 'F': '16', 'M': '14', 'SD': '14', 'AJ': '14', 'JM': '', 'NK': '15', 'TQ': '14'} [views.py:1139 - UpdateInventory]
2023-06-21 07:39:41,872 - INFO - logger - Inventory Updated Successfully for corresponding platforms [views.py:1176 - UpdateInventory]
2023-06-21 07:39:49,487 - INFO - logger - Updating Inventory for corresponding platforms: {'A': '2', 'A_LG': '0', 'F': '-4', 'M': '2', 'SD': '4', 'AJ': '0', 'JM': '', 'NK': '', 'TQ': '0'} [views.py:1139 - UpdateInventory]
2023-06-21 07:39:49,493 - INFO - logger - Inventory Updated Successfully for corresponding platforms [views.py:1176 - UpdateInventory]
2023-06-21 07:40:04,318 - INFO - logger - Updating Inventory for corresponding platforms: {'A': '40', 'A_LG': '0', 'F': '41', 'M': '41', 'SD': '40', 'AJ': '41', 'JM': '', 'NK': '40', 'TQ': '40'} [views.py:1139 - UpdateInventory]
2023-06-21 07:40:04,325 - INFO - logger - Inventory Updated Successfully for corresponding platforms [views.py:1176 - UpdateInventory]
2023-06-21 07:40:17,954 - INFO - logger - Updating Inventory for corresponding platforms: {'A': '1', 'A_LG': '', 'F': '', 'M': '4', 'SD': '', 'AJ': '0', 'JM': '', 'NK': '0', 'TQ': ''} [views.py:1139 - UpdateInventory]
2023-06-21 07:40:17,961 - INFO - logger - Inventory Updated Successfully for corresponding platforms [views.py:1176 - UpdateInventory]
2023-06-21 07:40:40,599 - INFO - logger - Updating Inventory for corresponding platforms: {'A': '36', 'A_LG': '0', 'F': '36', 'M': '70', 'SD': '36', 'AJ': '35', 'JM': '35', 'NK': '35', 'TQ': ''} [views.py:1139 - UpdateInventory]
2023-06-21 07:40:40,608 - INFO - logger - Inventory Updated Successfully for corresponding platforms [views.py:1176 - UpdateInventory]
2023-06-21 07:40:55,295 - INFO - logger - Updating Inventory for corresponding platforms: {'A': '2', 'A_LG': '0', 'F': '2', 'M': '', 'SD': '0', 'AJ': '0', 'JM': '0', 'NK': '0', 'TQ': '0'} [views.py:1139 - UpdateInventory]
2023-06-21 07:40:55,303 - INFO - logger - Inventory Updated Successfully for corresponding platforms [views.py:1176 - UpdateInventory]
2023-06-21 07:41:11,964 - INFO - logger - Updating Inventory for corresponding platforms: {'A': '20', 'A_LG': '0', 'F': '22', 'M': '22', 'SD': '20', 'AJ': '16', 'JM': '', 'NK': '20', 'TQ': '20'} [views.py:1139 - UpdateInventory]
2023-06-21 07:41:11,971 - INFO - logger - Inventory Updated Successfully for corresponding platforms [views.py:1176 - UpdateInventory]
2023-06-21 07:41:14,200 - INFO - logger - Updating Inventory for corresponding platforms: {'A': '20', 'A_LG': '0', 'F': '22', 'M': '22', 'SD': '20', 'AJ': '16', 'JM': '', 'NK': '20', 'TQ': '20'} [views.py:1139 - UpdateInventory]
2023-06-21 07:41:14,204 - INFO - logger - Inventory Updated Successfully for corresponding platforms [views.py:1176 - UpdateInventory]
2023-06-21 07:41:32,629 - INFO - logger - Updating Inventory for corresponding platforms: {'A': '7', 'A_LG': '0', 'F': '3', 'M': '3', 'SD': '5', 'AJ': '4', 'JM': '6', 'NK': '6', 'TQ': '0'} [views.py:1139 - UpdateInventory]
2023-06-21 07:41:32,636 - INFO - logger - Inventory Updated Successfully for corresponding platforms [views.py:1176 - UpdateInventory]
2023-06-21 07:41:43,818 - INFO - logger - Updating Inventory for corresponding platforms: {'A': '7', 'A_LG': '0', 'F': '3', 'M': '3', 'SD': '5', 'AJ': '4', 'JM': '6', 'NK': '6', 'TQ': '0'} [views.py:1139 - UpdateInventory]
2023-06-21 07:41:43,821 - INFO - logger - Inventory Updated Successfully for corresponding platforms [views.py:1176 - UpdateInventory]
2023-06-21 07:41:54,577 - INFO - logger - Updating Inventory for corresponding platforms: {'A': '31', 'A_LG': '0', 'F': '60', 'M': '31', 'SD': '32', 'AJ': '32', 'JM': '30', 'NK': '30', 'TQ': ''} [views.py:1139 - UpdateInventory]
2023-06-21 07:41:54,584 - INFO - logger - Inventory Updated Successfully for corresponding platforms [views.py:1176 - UpdateInventory]
2023-06-21 07:42:07,042 - INFO - logger - Updating Inventory for corresponding platforms: {'A': '11', 'A_LG': '0', 'F': '10', 'M': '10', 'SD': '10', 'AJ': '0', 'JM': '', 'NK': '0', 'TQ': '0'} [views.py:1139 - UpdateInventory]
2023-06-21 07:42:07,049 - INFO - logger - Inventory Updated Successfully for corresponding platforms [views.py:1176 - UpdateInventory]
2023-06-21 07:42:16,897 - INFO - logger - Updating Inventory for corresponding platforms: {'A': '6', 'A_LG': '0', 'F': '2', 'M': '6', 'SD': '7', 'AJ': '6', 'JM': '7', 'NK': '7', 'TQ': '1'} [views.py:1139 - UpdateInventory]
2023-06-21 07:42:16,907 - INFO - logger - Inventory Updated Successfully for corresponding platforms [views.py:1176 - UpdateInventory]
2023-06-21 07:42:59,891 - INFO - logger - Updating Inventory for corresponding platforms: {'A': '24', 'A_LG': '0', 'F': '12', 'M': '20', 'SD': '0', 'AJ': '25', 'JM': '0', 'NK': '19', 'TQ': '20'} [views.py:1139 - UpdateInventory]
2023-06-21 07:42:59,898 - INFO - logger - Inventory Updated Successfully for corresponding platforms [views.py:1176 - UpdateInventory]
2023-06-21 07:43:22,146 - INFO - logger - Updating Inventory for corresponding platforms: {'A': '16', 'A_LG': '0', 'F': '16', 'M': '18', 'SD': '18', 'AJ': '16', 'JM': '17', 'NK': '17', 'TQ': '34'} [views.py:1139 - UpdateInventory]
2023-06-21 07:43:22,154 - INFO - logger - Inventory Updated Successfully for corresponding platforms [views.py:1176 - UpdateInventory]
2023-06-21 07:43:48,250 - INFO - logger - Updating Inventory for corresponding platforms: {'A': '3', 'A_LG': '', 'F': '8', 'M': '7', 'SD': '11', 'AJ': '0', 'JM': '', 'NK': '', 'TQ': '0'} [views.py:1139 - UpdateInventory]
2023-06-21 07:43:48,256 - INFO - logger - Inventory Updated Successfully for corresponding platforms [views.py:1176 - UpdateInventory]
2023-06-21 07:43:50,403 - INFO - logger - Updating Inventory for corresponding platforms: {'A': '3', 'A_LG': '', 'F': '8', 'M': '7', 'SD': '11', 'AJ': '0', 'JM': '', 'NK': '', 'TQ': '0'} [views.py:1139 - UpdateInventory]
2023-06-21 07:43:50,404 - INFO - logger - Inventory Updated Successfully for corresponding platforms [views.py:1176 - UpdateInventory]
2023-06-21 07:44:47,134 - INFO - logger - Updating Inventory for corresponding platforms: {'A': '3', 'A_LG': '', 'F': '8', 'M': '7', 'SD': '11', 'AJ': '0', 'JM': '', 'NK': '', 'TQ': '0'} [views.py:1139 - UpdateInventory]
2023-06-21 07:44:47,136 - INFO - logger - Inventory Updated Successfully for corresponding platforms [views.py:1176 - UpdateInventory]
2023-06-21 07:45:31,359 - INFO - logger - Updating Inventory for corresponding platforms: {'A': '36', 'A_LG': '0', 'F': '36', 'M': '36', 'SD': '36', 'AJ': '36', 'JM': '36', 'NK': '36', 'TQ': '35'} [views.py:1139 - UpdateInventory]
2023-06-21 07:45:31,365 - INFO - logger - Inventory Updated Successfully for corresponding platforms [views.py:1176 - UpdateInventory]
2023-06-21 07:46:15,255 - INFO - logger - Updating Inventory for corresponding platforms: {'A': '36', 'A_LG': '0', 'F': '36', 'M': '36', 'SD': '36', 'AJ': '36', 'JM': '36', 'NK': '36', 'TQ': '35'} [views.py:1139 - UpdateInventory]
2023-06-21 07:46:15,258 - INFO - logger - Inventory Updated Successfully for corresponding platforms [views.py:1176 - UpdateInventory]
2023-06-21 07:47:59,122 - INFO - logger - Updating Inventory for corresponding platforms: {'A': '7', 'A_LG': '0', 'F': '4', 'M': '2', 'SD': '0', 'AJ': '0', 'JM': '0', 'NK': '0', 'TQ': ''} [views.py:1139 - UpdateInventory]
2023-06-21 07:47:59,128 - INFO - logger - Inventory Updated Successfully for corresponding platforms [views.py:1176 - UpdateInventory]
2023-06-21 07:48:12,402 - INFO - logger - Updating Inventory for corresponding platforms: {'A': '23', 'A_LG': '0', 'F': '11', 'M': '22', 'SD': '28', 'AJ': '25', 'JM': '27', 'NK': '27', 'TQ': '27'} [views.py:1139 - UpdateInventory]
2023-06-21 07:48:12,409 - INFO - logger - Inventory Updated Successfully for corresponding platforms [views.py:1176 - UpdateInventory]
2023-06-21 07:48:27,538 - INFO - logger - Updating Inventory for corresponding platforms: {'A': '24', 'A_LG': '0', 'F': '22', 'M': '21', 'SD': '23', 'AJ': '22', 'JM': '23', 'NK': '23', 'TQ': '23'} [views.py:1139 - UpdateInventory]
2023-06-21 07:48:27,545 - INFO - logger - Inventory Updated Successfully for corresponding platforms [views.py:1176 - UpdateInventory]
2023-06-21 07:48:55,836 - INFO - logger - Updating Inventory for corresponding platforms: {'A': '1', 'A_LG': '0', 'F': '88', 'M': '0', 'SD': '0', 'AJ': '92', 'JM': '0', 'NK': '', 'TQ': '0'} [views.py:1139 - UpdateInventory]
2023-06-21 07:48:55,843 - INFO - logger - Inventory Updated Successfully for corresponding platforms [views.py:1176 - UpdateInventory]
2023-06-21 07:49:00,666 - INFO - logger - Updating Inventory for corresponding platforms: {'A': '1', 'A_LG': '0', 'F': '88', 'M': '0', 'SD': '0', 'AJ': '92', 'JM': '0', 'NK': '', 'TQ': '0'} [views.py:1139 - UpdateInventory]
2023-06-21 07:49:00,669 - INFO - logger - Inventory Updated Successfully for corresponding platforms [views.py:1176 - UpdateInventory]
2023-06-21 07:50:18,557 - INFO - logger - Updating Inventory for corresponding platforms: {'A': '23', 'A_LG': '24', 'F': '24', 'M': '24', 'SD': '24', 'AJ': '23', 'JM': '23', 'NK': '', 'TQ': '23'} [views.py:1139 - UpdateInventory]
2023-06-21 07:50:18,563 - INFO - logger - Inventory Updated Successfully for corresponding platforms [views.py:1176 - UpdateInventory]
2023-06-21 07:50:20,597 - INFO - logger - Updating Inventory for corresponding platforms: {'A': '23', 'A_LG': '24', 'F': '24', 'M': '24', 'SD': '24', 'AJ': '23', 'JM': '23', 'NK': '', 'TQ': '23'} [views.py:1139 - UpdateInventory]
2023-06-21 07:50:20,600 - INFO - logger - Inventory Updated Successfully for corresponding platforms [views.py:1176 - UpdateInventory]
